<?xml version="1.0" encoding="UTF-8" ?>
<testsuites name="vitest tests" tests="11" failures="0" errors="0" time="0.4400474">
    <testsuite name="components/__tests__/Footer.test.tsx" timestamp="2025-08-05T13:43:21.391Z" hostname="DESKTOP-5UJ722B" tests="3" failures="0" errors="0" skipped="0" time="0.3995162">
        <testcase classname="components/__tests__/Footer.test.tsx" name="Footer Component &gt; should render the footer" time="0.2808546">
        </testcase>
        <testcase classname="components/__tests__/Footer.test.tsx" name="Footer Component &gt; should render copyright text" time="0.0204754">
        </testcase>
        <testcase classname="components/__tests__/Footer.test.tsx" name="Footer Component &gt; should render social media links" time="0.0854601">
        </testcase>
    </testsuite>
    <testsuite name="services/__tests__/authorized-emails.test.ts" timestamp="2025-08-05T13:43:21.407Z" hostname="DESKTOP-5UJ722B" tests="8" failures="0" errors="0" skipped="0" time="0.0405312">
        <testcase classname="services/__tests__/authorized-emails.test.ts" name="Authorized Emails Service &gt; addAuthorizedEmail &gt; should add an email to authorized list" time="0.0188257">
        </testcase>
        <testcase classname="services/__tests__/authorized-emails.test.ts" name="Authorized Emails Service &gt; addAuthorizedEmail &gt; should handle errors when adding email" time="0.000922">
        </testcase>
        <testcase classname="services/__tests__/authorized-emails.test.ts" name="Authorized Emails Service &gt; removeAuthorizedEmail &gt; should remove an email from authorized list" time="0.0023712">
        </testcase>
        <testcase classname="services/__tests__/authorized-emails.test.ts" name="Authorized Emails Service &gt; removeAuthorizedEmail &gt; should handle errors when removing email" time="0.0055921">
        </testcase>
        <testcase classname="services/__tests__/authorized-emails.test.ts" name="Authorized Emails Service &gt; getAuthorizedEmails &gt; should return list of authorized emails" time="0.0025081">
        </testcase>
        <testcase classname="services/__tests__/authorized-emails.test.ts" name="Authorized Emails Service &gt; getAuthorizedEmails &gt; should return empty array when no emails found" time="0.0015596">
        </testcase>
        <testcase classname="services/__tests__/authorized-emails.test.ts" name="Authorized Emails Service &gt; isEmailAuthorized &gt; should return true for authorized email" time="0.0009186">
        </testcase>
        <testcase classname="services/__tests__/authorized-emails.test.ts" name="Authorized Emails Service &gt; isEmailAuthorized &gt; should return false for unauthorized email" time="0.0009072">
        </testcase>
    </testsuite>
</testsuites>
